[2026-02-06 11:28:41] Executing bootstrap tasks
[2026-02-06 11:28:41] OpenJDK Runtime Environment 21.0.9+10-LTS
[2026-02-06 11:28:41] Product org.eclipse.products.epp.package.dsl.2025-12
[2026-02-06 11:28:41] Bundle org.eclipse.oomph.setup 1.33.0.v20251121-0746, build=1216, branch=f9182823946441e6d4e231888ac784cecec0d99f
[2026-02-06 11:28:41] Bundle org.eclipse.oomph.setup.core 1.35.0.v20251106-1319, build=1216, branch=f9182823946441e6d4e231888ac784cecec0d99f
[2026-02-06 11:28:41] Bundle org.eclipse.oomph.setup.p2 1.23.0.v20251008-0516, build=1216, branch=f9182823946441e6d4e231888ac784cecec0d99f
[2026-02-06 11:28:41] Performing P2 Director (Eclipse DSL Tools (2025-12) + JRE 21.0.9)
[2026-02-06 11:28:41] Offline = false
[2026-02-06 11:28:41] Mirrors = true
[2026-02-06 11:28:41] Resolving 24 requirements from 4 repositories to C:\Users\Hp\eclipse\dsl-2025-12\eclipse
[2026-02-06 11:28:41] Requirement org.eclipse.equinox.p2.iu:org.eclipse.justj.openjdk.hotspot.jre.full.feature.group (filter=(|(&(osgi.arch=aarch64)(osgi.os=linux))(&(osgi.arch=aarch64)(osgi.os=macosx))(&(osgi.arch=aarch64)(osgi.os=win32))(&(osgi.arch=ppc64le)(osgi.os=linux))(&(osgi.arch=riscv64)(osgi.os=linux))(&(osgi.arch=x86_64)(osgi.os=linux))(&(osgi.arch=x86_64)(osgi.os=macosx))(&(osgi.arch=x86_64)(osgi.os=win32))))
[2026-02-06 11:28:41] Requirement org.eclipse.equinox.p2.iu:epp.package.dsl [4.38.0,5.0.0) (filter=(|(&(osgi.arch=aarch64)(osgi.os=linux)(osgi.ws=gtk))(&(osgi.arch=aarch64)(osgi.os=macosx)(osgi.ws=cocoa))(&(osgi.arch=aarch64)(osgi.os=win32)(osgi.ws=win32))(&(osgi.arch=riscv64)(osgi.os=linux)(osgi.ws=gtk))(&(osgi.arch=x86_64)(osgi.os=linux)(osgi.ws=gtk))(&(osgi.arch=x86_64)(osgi.os=macosx)(osgi.ws=cocoa))(&(osgi.arch=x86_64)(osgi.os=win32)(osgi.ws=win32))))
[2026-02-06 11:28:41] Requirement org.eclipse.equinox.p2.iu:org.eclipse.platform.feature.group [4.38.0,5.0.0)
[2026-02-06 11:28:41] Requirement org.eclipse.equinox.p2.iu:org.eclipse.rcp.feature.group [4.38.0,5.0.0)
[2026-02-06 11:28:41] Requirement org.eclipse.equinox.p2.iu:org.eclipse.buildship.feature.group
[2026-02-06 11:28:41] Requirement org.eclipse.equinox.p2.iu:org.eclipse.egit.feature.group
[2026-02-06 11:28:41] Requirement org.eclipse.equinox.p2.iu:org.eclipse.emf.ecore.xcore.sdk.feature.group
[2026-02-06 11:28:41] Requirement org.eclipse.equinox.p2.iu:org.eclipse.emf.mwe2.language.sdk.feature.group
[2026-02-06 11:28:41] Requirement org.eclipse.equinox.p2.iu:org.eclipse.emf.sdk.feature.group
[2026-02-06 11:28:41] Requirement org.eclipse.equinox.p2.iu:org.eclipse.epp.mpc.feature.group
[2026-02-06 11:28:41] Requirement org.eclipse.equinox.p2.iu:org.eclipse.jgit.feature.group
[2026-02-06 11:28:41] Requirement org.eclipse.equinox.p2.iu:org.eclipse.lsp4j.sdk.feature.group
[2026-02-06 11:28:41] Requirement org.eclipse.equinox.p2.iu:org.eclipse.m2e.feature.feature.group
[2026-02-06 11:28:41] Requirement org.eclipse.equinox.p2.iu:org.eclipse.m2e.lemminx.feature.feature.group
[2026-02-06 11:28:41] Requirement org.eclipse.equinox.p2.iu:org.eclipse.m2e.logback.feature.feature.group
[2026-02-06 11:28:41] Requirement org.eclipse.equinox.p2.iu:org.eclipse.m2e.pde.feature.feature.group
[2026-02-06 11:28:41] Requirement org.eclipse.equinox.p2.iu:org.eclipse.mylyn.wikitext.feature.feature.group
[2026-02-06 11:28:41] Requirement org.eclipse.equinox.p2.iu:org.eclipse.sdk.feature.group
[2026-02-06 11:28:41] Requirement org.eclipse.equinox.p2.iu:org.eclipse.terminal.feature.feature.group
[2026-02-06 11:28:41] Requirement org.eclipse.equinox.p2.iu:org.eclipse.tm4e.feature.feature.group
[2026-02-06 11:28:41] Requirement org.eclipse.equinox.p2.iu:org.eclipse.tm4e.language_pack.feature.feature.group
[2026-02-06 11:28:41] Requirement org.eclipse.equinox.p2.iu:org.eclipse.wst.xml_ui.feature.feature.group
[2026-02-06 11:28:41] Requirement org.eclipse.equinox.p2.iu:org.eclipse.xtext.sdk.feature.group
[2026-02-06 11:28:41] Requirement org.eclipse.equinox.p2.iu:org.eclipse.oomph.setup.feature.group
[2026-02-06 11:28:41] Repository https://download.eclipse.org/justj/jres/21/updates/release/latest
[2026-02-06 11:28:41] Repository https://download.eclipse.org/technology/epp/packages/2025-12/202512041000
[2026-02-06 11:28:41] Repository https://download.eclipse.org/releases/2025-12/202512101000
[2026-02-06 11:28:41] Repository https://download.eclipse.org/oomph/updates/milestone/latest
[2026-02-06 11:28:45] Calculating requirements and dependencies.
[2026-02-06 11:28:47] Computing prerequisite plan
[2026-02-06 11:28:53] Collecting 318 artifacts from https://download.eclipse.org/releases/2025-12/202512101000
[2026-02-06 11:28:55] Fetching 202512101000&countryCode=in&timeZone=5&format=xml from https://www.eclipse.org/downloads/download.php?format=xml&file=/releases/2025-12/
[2026-02-06 11:28:57] Fetching org.eclipse.swt.tools.base_3.107.700.v20250516-0845.jar from https://mirror.csclub.uwaterloo.ca/eclipse/releases/2025-12/202512101000/plugins/ (10.95kB)
[2026-02-06 11:28:57] Fetching org.bndtools.versioncontrol.ignores.plugin.git_7.1.0.202411251545.jar from https://eclipse.mirror.rafal.ca/releases/2025-12/202512101000/plugins/ (11.6kB)
[2026-02-06 11:28:57] Fetching org.eclipse.xtend.standalone.source_2.41.0.v20251124-0739.jar from https://download.eclipse.org/releases/2025-12/202512101000/plugins/ (10.51kB)
[2026-02-06 11:28:57] Fetching org.osgi.namespace.extender_1.0.1.201505202024.jar from https://download.eclipse.org/releases/2025-12/202512101000/plugins/ (11.38kB)
[2026-02-06 11:28:57] Fetching org.osgi.namespace.contract_1.0.0.201505202024.jar from https://mirror.cs.odu.edu/eclipse/releases/2025-12/202512101000/plugins/ (11.35kB)
[2026-02-06 11:28:57] Fetching org.eclipse.xtext.xtext.generator.dependencies.source_2.41.0.v20251124-0739.jar from https://mirror.umd.edu/eclipse/releases/2025-12/202512101000/plugins/ (10.53kB)
[2026-02-06 11:28:57] Fetching org.eclipse.xtext.activities.source_2.41.0.v20251124-0739.jar from https://mirrors.xmission.com/eclipse/releases/2025-12/202512101000/plugins/ (11.62kB)
[2026-02-06 11:28:57] Fetching org.osgi.namespace.service_1.0.0.201505202024.jar from https://ftp2.osuosl.org/pub/eclipse/releases/2025-12/202512101000/plugins/ (11.46kB)
[2026-02-06 11:28:58] Fetching org.eclipse.xtend.standalone_2.41.0.v20251124-0739.jar from https://mirror.csclub.uwaterloo.ca/eclipse/releases/2025-12/202512101000/plugins/ (11.74kB)
[2026-02-06 11:28:58] Fetching org.bndtools.headless.build.manager_7.1.0.202411251545.jar from https://mirror.csclub.uwaterloo.ca/eclipse/releases/2025-12/202512101000/plugins/ (13.16kB)
[2026-02-06 11:28:58] Fetching org.aopalliance_1.0.0.v20230720-0728.jar from https://mirror.csclub.uwaterloo.ca/eclipse/releases/2025-12/202512101000/plugins/ (12.69kB)
[2026-02-06 11:28:58] Fetching org.eclipse.m2e.pde.feature_2.3.600.20251019-0931.jar from https://mirrors.xmission.com/eclipse/releases/2025-12/202512101000/features/ (13.22kB)
[2026-02-06 11:28:58] Fetching org.eclipse.xtext.jdt.facade.source_2.41.0.v20251124-0739.jar from https://mirror.csclub.uwaterloo.ca/eclipse/releases/2025-12/202512101000/plugins/ (12.23kB)
[2026-02-06 11:28:58] Fetching org.eclipse.xtend.m2e.source_2.41.0.v20251124-0739.jar from https://mirror.csclub.uwaterloo.ca/eclipse/releases/2025-12/202512101000/plugins/ (13.13kB)
[2026-02-06 11:28:58] Fetching org.eclipse.xtext.xtext.generator.dependencies_2.41.0.v20251124-0739.jar from https://ca.mirrors.cicku.me/eclipse//releases/2025-12/202512101000/plugins/ (12.19kB)
[2026-02-06 11:28:58] Fetching org.eclipse.xtext.jdt.facade_2.41.0.v20251124-0739.jar from https://mirrors.xmission.com/eclipse/releases/2025-12/202512101000/plugins/ (13.69kB)
[2026-02-06 11:28:58] Fetching org.eclipse.xtext.logging.source_2.41.0.v20251124-0739.jar from https://mirror.csclub.uwaterloo.ca/eclipse/releases/2025-12/202512101000/plugins/ (13.31kB)
[2026-02-06 11:28:59] Fetching org.osgi.annotation.versioning_1.1.2.202109301733.jar from https://mirrors.xmission.com/eclipse/releases/2025-12/202512101000/plugins/ (14.72kB)
[2026-02-06 11:28:59] Fetching org.eclipse.xtext.activities_2.41.0.v20251124-0739.jar from https://mirrors.xmission.com/eclipse/releases/2025-12/202512101000/plugins/ (13.77kB)
[2026-02-06 11:28:59] Fetching org.eclipse.lsp4j.websocket.jakarta.source_0.24.0.v20250131-1745.jar from https://mirror.csclub.uwaterloo.ca/eclipse/releases/2025-12/202512101000/plugins/ (14.34kB)
[2026-02-06 11:28:59] Fetching org.eclipse.xtext.ui.codemining.source_2.41.0.v20251124-0739.jar from https://mirror.csclub.uwaterloo.ca/eclipse/releases/2025-12/202512101000/plugins/ (14.75kB)
[2026-02-06 11:28:59] Fetching org.eclipse.wst.common.infopop_1.0.301.v202307170218.jar from https://mirrors.xmission.com/eclipse/releases/2025-12/202512101000/plugins/ (13.92kB)
[2026-02-06 11:28:59] Fetching org.eclipse.xtext.buildship.source_2.41.0.v20251124-0739.jar from https://mirror.csclub.uwaterloo.ca/eclipse/releases/2025-12/202512101000/plugins/ (14.91kB)
[2026-02-06 11:29:00] Fetching org.eclipse.wst.dtd.ui.infopop_1.0.400.v201903222120.jar from https://mirror.csclub.uwaterloo.ca/eclipse/releases/2025-12/202512101000/plugins/ (15.29kB)
[2026-02-06 11:29:00] Fetching org.eclipse.emf.mwe2.launch.ui.source_2.24.0.v20251122-0744.jar from https://download.eclipse.org/releases/2025-12/202512101000/plugins/ (14.74kB)
[2026-02-06 11:29:00] Fetching org.eclipse.pde.api.tools.annotations_1.4.0.v20240725-0536.jar from https://mirrors.xmission.com/eclipse/releases/2025-12/202512101000/plugins/ (15.01kB)
[2026-02-06 11:29:00] Fetching org.eclipse.xtext.common.types.shared.jdt38.source_2.41.0.v20251124-0739.jar from https://mirror.csclub.uwaterloo.ca/eclipse/releases/2025-12/202512101000/plugins/ (15.99kB)
[2026-02-06 11:29:00] Fetching org.eclipse.wst.validation.infopop_1.0.300.v202007131715.jar from https://mirrors.xmission.com/eclipse/releases/2025-12/202512101000/plugins/ (15.51kB)
[2026-02-06 11:29:00] Fetching org.eclipse.xtext.ui.ecore.source_2.41.0.v20251124-0739.jar from https://download.eclipse.org/releases/2025-12/202512101000/plugins/ (15.37kB)
[2026-02-06 11:29:00] Fetching org.eclipse.wst.sse.ui.infopop_1.0.300.v201903222120.jar from https://mirrors.xmission.com/eclipse/releases/2025-12/202512101000/plugins/ (15.59kB)
[2026-02-06 11:29:01] Fetching org.eclipse.emf.mapping.ecore_2.9.0.v20230211-1150.jar from https://mirror.csclub.uwaterloo.ca/eclipse/releases/2025-12/202512101000/plugins/ (16.22kB)
[2026-02-06 11:29:01] Fetching org.eclipse.xtext.logging_2.41.0.v20251124-0739.jar from https://mirror.csclub.uwaterloo.ca/eclipse/releases/2025-12/202512101000/plugins/ (15.72kB)
[2026-02-06 11:29:01] Fetching org.eclipse.emf.mapping.ecore.editor_2.9.0.v20230211-1150.jar from https://mirror.csclub.uwaterloo.ca/eclipse/releases/2025-12/202512101000/plugins/ (16.28kB)
[2026-02-06 11:29:01] Fetching org.eclipse.emf_2.9.0.v20230211-1150.jar from https://mirrors.xmission.com/eclipse/releases/2025-12/202512101000/plugins/ (15.93kB)
[2026-02-06 11:29:01] Fetching org.bndtools.versioncontrol.ignores.manager_7.1.0.202411251545.jar from https://mirror.csclub.uwaterloo.ca/eclipse/releases/2025-12/202512101000/plugins/ (16.69kB)
[2026-02-06 11:29:01] Fetching org.eclipse.emf.mwe2.lib.source_2.24.0.v20251122-0744.jar from https://mirror.csclub.uwaterloo.ca/eclipse/releases/2025-12/202512101000/plugins/ (16.82kB)
[2026-02-06 11:29:02] Fetching org.eclipse.emf.codegen.ecore.xtext_1.8.0.v20250910-1205.jar from https://mirrors.xmission.com/eclipse/releases/2025-12/202512101000/plugins/ (17.06kB)
[2026-02-06 11:29:02] Fetching org.eclipse.xtext.ecore.source_2.41.0.v20251124-0739.jar from https://mirrors.xmission.com/eclipse/releases/2025-12/202512101000/plugins/ (16.93kB)
[2026-02-06 11:29:02] Fetching org.eclipse.lsp4j.websocket.jakarta_0.24.0.v20250131-1745.jar from https://mirrors.xmission.com/eclipse/releases/2025-12/202512101000/plugins/ (17.13kB)
[2026-02-06 11:29:02] Fetching org.eclipse.xtend.m2e_2.41.0.v20251124-0739.jar from https://mirror.csclub.uwaterloo.ca/eclipse/releases/2025-12/202512101000/plugins/ (17.7kB)
[2026-02-06 11:29:02] Fetching org.eclipse.emf.mwe2.runtime.source_2.24.0.v20251122-0744.jar from https://mirror.csclub.uwaterloo.ca/eclipse/releases/2025-12/202512101000/plugins/ (17.28kB)
[2026-02-06 11:29:02] Fetching org.eclipse.emf.mwe2.runtime_2.24.0.v20251122-0744.jar from https://mirror.csclub.uwaterloo.ca/eclipse/releases/2025-12/202512101000/plugins/ (18.14kB)
[2026-02-06 11:29:02] Fetching org.bndtools.templates.template_7.1.0.202411251545.jar from https://mirror.csclub.uwaterloo.ca/eclipse/releases/2025-12/202512101000/plugins/ (18.46kB)
[2026-02-06 11:29:02] Fetching org.eclipse.emf.mwe2.launch.source_2.24.0.v20251122-0744.jar from https://download.eclipse.org/releases/2025-12/202512101000/plugins/ (17.16kB)
[2026-02-06 11:29:02] Fetching org.eclipse.xtext.common.types.shared.source_2.41.0.v20251124-0739.jar from https://mirrors.xmission.com/eclipse/releases/2025-12/202512101000/plugins/ (17.99kB)
[2026-02-06 11:29:03] Fetching org.eclipse.xtext.ui.ecore_2.41.0.v20251124-0739.jar from https://download.eclipse.org/releases/2025-12/202512101000/plugins/ (18.12kB)
[2026-02-06 11:29:03] Fetching org.eclipse.xtext.buildship_2.41.0.v20251124-0739.jar from https://mirrors.xmission.com/eclipse/releases/2025-12/202512101000/plugins/ (19.03kB)
[2026-02-06 11:29:03] Fetching org.eclipse.xtext.m2e.source_2.41.0.v20251124-0739.jar from https://mirrors.xmission.com/eclipse/releases/2025-12/202512101000/plugins/ (20.31kB)
[2026-02-06 11:29:03] Fetching org.eclipse.xtext.xbase.ui.testing.source_2.41.0.v20251124-0739.jar from https://mirrors.xmission.com/eclipse/releases/2025-12/202512101000/plugins/ (19.4kB)
[2026-02-06 11:29:03] Fetching org.eclipse.xtext.ecore_2.41.0.v20251124-0739.jar from https://mirror.csclub.uwaterloo.ca/eclipse/releases/2025-12/202512101000/plugins/ (20.81kB)
[2026-02-06 11:29:03] Fetching org.eclipse.xtext.smap.source_2.41.0.v20251124-0739.jar from https://mirror.csclub.uwaterloo.ca/eclipse/releases/2025-12/202512101000/plugins/ (20.62kB)
[2026-02-06 11:29:03] Fetching org.eclipse.emf.codegen.ecore.xtext.ui_1.6.0.v20250910-1205.jar from https://mirror.csclub.uwaterloo.ca/eclipse/releases/2025-12/202512101000/plugins/ (21.63kB)
[2026-02-06 11:29:04] Fetching org.eclipse.emf.mwe2.runtime_2.24.0.v20251122-0744.jar from https://mirror.csclub.uwaterloo.ca/eclipse/releases/2025-12/202512101000/plugins/
[2026-02-06 11:29:04] Fetching org.eclipse.xtext.common.types.shared_2.41.0.v20251124-0739.jar from https://mirrors.xmission.com/eclipse/releases/2025-12/202512101000/plugins/ (21.79kB)
[2026-02-06 11:29:04] Fetching org.eclipse.emf.mwe2.launch.ui_2.24.0.v20251122-0744.jar from https://download.eclipse.org/releases/2025-12/202512101000/plugins/ (21.71kB)
[2026-02-06 11:29:04] Fetching org.eclipse.xtext.xbase.lib_2.41.0.v20251124-0739.jar from https://mirrors.xmission.com/eclipse/releases/2025-12/202512101000/features/ (21.87kB)
[2026-02-06 11:29:04] Fetching org.eclipse.xtext.xtext.ui.graph_2.41.0.v20251124-0739.jar from https://mirrors.xmission.com/eclipse/releases/2025-12/202512101000/features/ (21.87kB)
[2026-02-06 11:29:04] Fetching org.eclipse.jdt.astview.feature_1.2.500.v20250501-1924.jar from https://mirror.csclub.uwaterloo.ca/eclipse/releases/2025-12/202512101000/features/ (21.9kB)
[2026-02-06 11:29:04] Fetching org.eclipse.xtext.examples_2.41.0.v20251124-0739.jar from https://mirrors.xmission.com/eclipse/releases/2025-12/202512101000/features/ (21.88kB)
[2026-02-06 11:29:04] Fetching org.eclipse.jdt.jeview.feature_1.1.700.v20250428-2158.jar from https://mirror.csclub.uwaterloo.ca/eclipse/releases/2025-12/202512101000/features/ (21.89kB)
[2026-02-06 11:29:05] Fetching org.eclipse.xtext.docs_2.41.0.v20251124-0739.jar from https://download.eclipse.org/releases/2025-12/202512101000/features/ (21.83kB)
[2026-02-06 11:29:05] Fetching org.eclipse.emf.mwe2.runtime.sdk_2.24.0.v20251122-0744.jar from https://mirror.csclub.uwaterloo.ca/eclipse/releases/2025-12/202512101000/features/ (21.94kB)
[2026-02-06 11:29:53] Fetching org.eclipse.emf.ecore.xcore.lib_1.10.0.v20250910-1205.jar from https://mirror.csclub.uwaterloo.ca/eclipse/releases/2025-12/202512101000/features/ (22.12kB)
[2026-02-06 11:29:56] Fetching org.eclipse.xtend.lib_2.41.0.v20251124-0739.jar from https://mirror.csclub.uwaterloo.ca/eclipse/releases/2025-12/202512101000/features/ (21.92kB)
[2026-02-06 11:29:56] Fetching org.eclipse.sdk_4.38.0.v20251201-1407.jar from https://download.eclipse.org/releases/2025-12/202512101000/features/ (22.17kB)
[2026-02-06 11:29:57] Fetching org.eclipse.emf.mapping_2.16.0.v20250910-1205.jar from https://download.eclipse.org/releases/2025-12/202512101000/features/ (22.17kB)
[2026-02-06 11:29:58] Fetching org.eclipse.emf.common.ui_2.25.0.v20251106-1447.jar from https://download.eclipse.org/releases/2025-12/202512101000/features/ (22.17kB)
[2026-02-06 11:29:58] Fetching org.eclipse.emf.sdk_2.44.0.v20251106-1447.jar from https://download.eclipse.org/releases/2025-12/202512101000/features/ (22.17kB)
[2026-02-06 11:29:58] Fetching org.eclipse.emf.mwe2.launcher_2.24.0.v20251122-0744.jar from https://mirrors.xmission.com/eclipse/releases/2025-12/202512101000/features/ (22.03kB)
[2026-02-06 11:29:59] Fetching org.eclipse.emf.edit_2.24.0.v20250910-1205.jar from https://mirror.cs.odu.edu/eclipse/releases/2025-12/202512101000/features/ (22.18kB)
[2026-02-06 11:29:59] Fetching org.eclipse.xtext.xtext.ui_2.41.0.v20251124-0739.jar from https://mirrors.xmission.com/eclipse/releases/2025-12/202512101000/features/ (22.07kB)
[2026-02-06 11:29:59] Fetching org.eclipse.xtext.sdk_2.41.0.v20251124-0739.jar from https://download.eclipse.org/releases/2025-12/202512101000/features/ (22.18kB)
[2026-02-06 11:29:59] Fetching org.eclipse.emf.ecore.xcore_1.35.0.v20251025-0946.jar from https://download.eclipse.org/releases/2025-12/202512101000/features/ (22.18kB)
[2026-02-06 11:30:00] Fetching org.eclipse.emf.edit.ui_2.28.0.v20250910-1205.jar from https://mirrors.xmission.com/eclipse/releases/2025-12/202512101000/features/ (22.19kB)
[2026-02-06 11:30:00] Fetching org.eclipse.emf.common_2.37.0.v20251025-0946.jar from https://mirror.cs.odu.edu/eclipse/releases/2025-12/202512101000/features/ (22.2kB)
[2026-02-06 11:30:00] Fetching org.eclipse.emf.databinding_1.12.0.v20250910-1205.jar from https://download.eclipse.org/releases/2025-12/202512101000/features/ (22.19kB)
[2026-02-06 11:30:01] Fetching org.eclipse.emf.mapping.ui_2.17.0.v20250910-1205.jar from https://mirror.cs.odu.edu/eclipse/releases/2025-12/202512101000/features/ (22.2kB)
[2026-02-06 11:30:01] Fetching org.eclipse.emf.ecore.edit_2.17.0.v20250910-1205.jar from https://download.eclipse.org/releases/2025-12/202512101000/features/ (22.2kB)
[2026-02-06 11:30:01] Fetching org.eclipse.emf.ecore.editor_2.20.0.v20250910-1205.jar from https://download.eclipse.org/releases/2025-12/202512101000/features/ (22.2kB)
[2026-02-06 11:30:01] Fetching org.eclipse.xtext.ui_2.41.0.v20251124-0739.jar from https://mirror.cs.odu.edu/eclipse/releases/2025-12/202512101000/features/ (22.2kB)
[2026-02-06 11:30:01] Fetching org.eclipse.emf.codegen.ecore.ui_2.44.0.v20250910-1339.jar from https://mirror.cs.odu.edu/eclipse/releases/2025-12/202512101000/features/ (22.21kB)
[2026-02-06 11:30:01] Fetching org.eclipse.emf.ecore.xcore.sdk_1.35.0.v20251025-0946.jar from https://mirrors.xmission.com/eclipse/releases/2025-12/202512101000/features/ (22.11kB)
[2026-02-06 11:30:01] Fetching org.eclipse.emf.databinding.edit_1.12.0.v20250910-1205.jar from https://mirror.cs.odu.edu/eclipse/releases/2025-12/202512101000/features/ (22.22kB)
[2026-02-06 11:30:02] Fetching org.eclipse.emf.codegen.ui_2.27.0.v20250910-1205.jar from https://mirror.cs.odu.edu/eclipse/releases/2025-12/202512101000/features/ (22.23kB)
[2026-02-06 11:30:02] Fetching org.eclipse.emf.mwe2.language.sdk_2.24.0.v20251122-0744.jar from https://download.eclipse.org/releases/2025-12/202512101000/features/ (21.97kB)
[2026-02-06 11:30:02] Fetching org.eclipse.emf.doc_2.35.0.v20250922-1445.jar from https://mirror.csclub.uwaterloo.ca/eclipse/releases/2025-12/202512101000/features/ (22.14kB)
[2026-02-06 11:30:02] Fetching org.eclipse.emf.codegen_2.28.0.v20250910-1205.jar from https://download.eclipse.org/releases/2025-12/202512101000/features/ (22.23kB)
[2026-02-06 11:30:02] Fetching org.eclipse.emf.ecore_2.42.0.v20251025-0946.jar from https://download.eclipse.org/releases/2025-12/202512101000/features/ (22.24kB)
[2026-02-06 11:30:02] Fetching org.eclipse.emf.mapping.ecore_2.15.0.v20250910-1205.jar from https://mirror.cs.odu.edu/eclipse/releases/2025-12/202512101000/features/ (22.24kB)
[2026-02-06 11:30:02] Fetching org.eclipse.emf.converter_2.22.0.v20250910-1205.jar from https://mirror.cs.odu.edu/eclipse/releases/2025-12/202512101000/features/ (22.25kB)
[2026-02-06 11:30:03] Fetching org.eclipse.emf.ecore.xcore.ui_1.34.0.v20250910-1339.jar from https://mirror.cs.odu.edu/eclipse/releases/2025-12/202512101000/features/ (22.26kB)
[2026-02-06 11:30:03] Fetching org.eclipse.emf.codegen.ecore_2.44.0.v20251025-0946.jar from https://download.eclipse.org/releases/2025-12/202512101000/features/ (22.25kB)
[2026-02-06 11:30:03] Fetching org.eclipse.xtend.sdk_2.41.0.v20251124-0739.jar from https://mirror.cs.odu.edu/eclipse/releases/2025-12/202512101000/features/ (22.26kB)
[2026-02-06 11:30:03] Fetching org.eclipse.xtext.runtime_2.41.0.v20251124-0739.jar from https://ftp2.osuosl.org/pub/eclipse/releases/2025-12/202512101000/features/ (22.29kB)
[2026-02-06 11:30:03] Fetching org.eclipse.emf.mapping.ecore.editor_2.17.0.v20250910-1205.jar from https://download.eclipse.org/releases/2025-12/202512101000/features/ (22.29kB)
[2026-02-06 11:30:04] Fetching org.eclipse.pde_3.16.500.v20251201-0920.jar from https://mirror.cs.odu.edu/eclipse/releases/2025-12/202512101000/features/ (22.46kB)
[2026-02-06 11:30:04] Fetching org.eclipse.emf_2.44.0.v20251106-1447.jar from https://download.eclipse.org/releases/2025-12/202512101000/features/ (22.34kB)
[2026-02-06 11:30:04] Fetching org.eclipse.xtext.redist_2.41.0.v20251124-0739.jar from https://mirror.cs.odu.edu/eclipse/releases/2025-12/202512101000/features/ (22.63kB)
[2026-02-06 11:30:04] Fetching org.eclipse.wst.xml.ui.infopop_1.0.400.v201903222120.jar from https://mirror.cs.odu.edu/eclipse/releases/2025-12/202512101000/plugins/ (22.65kB)
[2026-02-06 11:30:04] Fetching org.eclipse.pde.spies_1.0.900.v20251028-1053.jar from https://download.eclipse.org/releases/2025-12/202512101000/features/ (22.38kB)
[2026-02-06 11:30:04] Fetching org.eclipse.xtext.common.types.shared.jdt38_2.41.0.v20251124-0739.jar from https://mirror.cs.odu.edu/eclipse/releases/2025-12/202512101000/plugins/ (22.91kB)
[2026-02-06 11:30:04] Fetching org.eclipse.lsp4j.jsonrpc.debug.source_0.24.0.v20250131-1745.jar from https://ftp2.osuosl.org/pub/eclipse/releases/2025-12/202512101000/plugins/ (23.01kB)
[2026-02-06 11:30:04] Fetching org.eclipse.xtext.ui.codemining_2.41.0.v20251124-0739.jar from https://download.eclipse.org/releases/2025-12/202512101000/plugins/ (22.81kB)
[2026-02-06 11:30:05] Fetching org.eclipse.pde.spy.model_0.13.400.v20250521-0419.jar from https://download.eclipse.org/releases/2025-12/202512101000/plugins/ (23.14kB)
[2026-02-06 11:30:05] Fetching org.eclipse.emf.mwe2.launcher.source_2.24.0.v20251122-0744.jar from https://mirror.cs.odu.edu/eclipse/releases/2025-12/202512101000/features/ (23.15kB)
[2026-02-06 11:30:05] Fetching org.eclipse.lsp4j.sdk_0.24.0.v20250131-1747.jar from https://mirror.cs.odu.edu/eclipse/releases/2025-12/202512101000/features/ (23.65kB)
[2026-02-06 11:30:05] Fetching org.eclipse.emf.ecore.xcore.importer_1.8.0.v20250910-1205.jar from https://mirror.cs.odu.edu/eclipse/releases/2025-12/202512101000/plugins/ (24.53kB)
[2026-02-06 11:30:05] Fetching org.eclipse.xtext.smap_2.41.0.v20251124-0739.jar from https://mirror.cs.odu.edu/eclipse/releases/2025-12/202512101000/plugins/ (24.56kB)
[2026-02-06 11:30:05] Fetching org.eclipse.emf.mwe2.launch_2.24.0.v20251122-0744.jar from https://ftp2.osuosl.org/pub/eclipse/releases/2025-12/202512101000/plugins/ (25.98kB)
[2026-02-06 11:30:06] Fetching org.osgi.service.metatype.annotations_1.4.1.202109301733.jar from https://ftp2.osuosl.org/pub/eclipse/releases/2025-12/202512101000/plugins/ (27.08kB)
[2026-02-06 11:30:06] Fetching org.eclipse.emf.ecore.xcore.lib_1.7.1.v20250910-1205.jar from https://download.eclipse.org/releases/2025-12/202512101000/plugins/ (24.73kB)
[2026-02-06 11:30:06] Fetching org.osgi.annotation.bundle_2.0.0.202202082230.jar from https://ftp2.osuosl.org/pub/eclipse/releases/2025-12/202512101000/plugins/ (28.45kB)
[2026-02-06 11:30:06] Fetching org.eclipse.xtext.m2e_2.41.0.v20251124-0739.jar from https://mirror.cs.odu.edu/eclipse/releases/2025-12/202512101000/plugins/ (27.56kB)
[2026-02-06 11:30:06] Fetching org.eclipse.xtext.java.source_2.41.0.v20251124-0739.jar from https://mirror.cs.odu.edu/eclipse/releases/2025-12/202512101000/plugins/ (27.78kB)
[2026-02-06 11:30:06] Fetching org.eclipse.xtext.purexbase.ui.source_2.41.0.v20251124-0739.jar from https://mirror.cs.odu.edu/eclipse/releases/2025-12/202512101000/plugins/ (28.62kB)
[2026-02-06 11:30:06] Fetching org.eclipse.lsp4j.jsonrpc.debug_0.24.0.v20250131-1745.jar from https://mirror.cs.odu.edu/eclipse/releases/2025-12/202512101000/plugins/ (29.32kB)
[2026-02-06 11:30:07] Fetching org.eclipse.m2e.pde.connector_2.2.101.20250727-0612.jar from https://ftp2.osuosl.org/pub/eclipse/releases/2025-12/202512101000/plugins/ (29.55kB)
[2026-02-06 11:30:07] Fetching org.eclipse.pde.spy.core_1.1.500.v20250521-0419.jar from https://ftp2.osuosl.org/pub/eclipse/releases/2025-12/202512101000/plugins/ (30.88kB)
[2026-02-06 11:30:07] Fetching org.eclipse.xtext.ui.shared.source_2.41.0.v20251124-0739.jar from https://mirror.cs.odu.edu/eclipse/releases/2025-12/202512101000/plugins/ (31.74kB)
[2026-02-06 11:30:07] Fetching org.eclipse.emf.mapping.ecore2ecore_2.13.0.v20250910-1205.jar from https://mirror.cs.odu.edu/eclipse/releases/2025-12/202512101000/plugins/ (33.11kB)
[2026-02-06 11:30:07] Fetching org.eclipse.pde.junit.runtime_3.8.300.v20251120-2029.jar from https://mirror.cs.odu.edu/eclipse/releases/2025-12/202512101000/plugins/ (34.71kB)
[2026-02-06 11:30:07] Fetching org.eclipse.wst.xml_userdoc.feature_3.18.0.v202004271556.jar from https://ftp2.osuosl.org/pub/eclipse/releases/2025-12/202512101000/features/ (34.99kB)
[2026-02-06 11:30:07] Fetching org.eclipse.wst.common_core.feature_3.40.0.v202511200154.jar from https://ftp2.osuosl.org/pub/eclipse/releases/2025-12/202512101000/features/ (34.88kB)
[2026-02-06 11:30:08] Fetching org.eclipse.xtext.xbase.ui.testing_2.41.0.v20251124-0739.jar from https://download.eclipse.org/releases/2025-12/202512101000/plugins/ (33.29kB)
[2026-02-06 11:30:08] Fetching org.eclipse.wst.common_ui.feature_3.39.0.v202508180233.jar from https://mirror.cs.odu.edu/eclipse/releases/2025-12/202512101000/features/ (34.93kB)
[2026-02-06 11:30:08] Fetching org.eclipse.wst.xml_core.feature_3.40.0.v202510300114.jar from https://ftp2.osuosl.org/pub/eclipse/releases/2025-12/202512101000/features/ (35.04kB)
[2026-02-06 11:30:08] Fetching org.eclipse.e4.tools.services_4.10.600.v20240801-2123.jar from https://mirror.cs.odu.edu/eclipse/releases/2025-12/202512101000/plugins/ (35.48kB)
[2026-02-06 11:30:08] Fetching org.eclipse.wst.xml_ui.feature_3.40.0.v202510300114.jar from https://mirror.cs.odu.edu/eclipse/releases/2025-12/202512101000/features/ (35.19kB)
[2026-02-06 11:30:09] Fetching org.eclipse.emf.mwe2.lib_2.24.0.v20251122-0744.jar from https://ftp2.osuosl.org/pub/eclipse/releases/2025-12/202512101000/plugins/ (36.86kB)
[2026-02-06 11:30:09] Fetching org.eclipse.emf.ecore.xcore.exporter_1.13.0.v20250910-1205.jar from https://ftp2.osuosl.org/pub/eclipse/releases/2025-12/202512101000/plugins/ (36.41kB)
[2026-02-06 11:30:09] Fetching org.eclipse.emf.ecore.change.edit_2.10.0.v20250910-1205.jar from https://ftp2.osuosl.org/pub/eclipse/releases/2025-12/202512101000/plugins/ (37.37kB)
[2026-02-06 11:30:09] Fetching org.eclipse.emf.cheatsheets_2.10.0.v20250910-1205.jar from https://mirror.cs.odu.edu/eclipse/releases/2025-12/202512101000/plugins/ (37.53kB)
[2026-02-06 11:30:09] Fetching org.eclipse.emf.importer.ecore_2.12.0.v20250910-1205.jar from https://ftp2.osuosl.org/pub/eclipse/releases/2025-12/202512101000/plugins/ (37.89kB)
[2026-02-06 11:30:10] Fetching org.eclipse.emf.mwe2.language.ui.source_2.24.0.v20251122-0744.jar from https://mirror.cs.odu.edu/eclipse/releases/2025-12/202512101000/plugins/ (39.06kB)
[2026-02-06 11:30:10] Fetching org.eclipse.emf.ant_2.13.0.v20250910-1205.jar from https://mirror.cs.odu.edu/eclipse/releases/2025-12/202512101000/plugins/ (39.11kB)
[2026-02-06 11:30:10] Fetching org.eclipse.xtext.purexbase.ui_2.41.0.v20251124-0739.jar from https://mirror.cs.odu.edu/eclipse/releases/2025-12/202512101000/plugins/ (39.25kB)
[2026-02-06 11:30:10] Fetching org.osgi.service.coordinator_1.0.2.201505202024.jar from https://ftp2.osuosl.org/pub/eclipse/releases/2025-12/202512101000/plugins/ (39.79kB)
[2026-02-06 11:30:10] Fetching jakarta.websocket-client-api_2.2.0.jar from https://ftp2.osuosl.org/pub/eclipse/releases/2025-12/202512101000/plugins/ (40.43kB)
[2026-02-06 11:30:10] Fetching org.osgi.service.component.annotations_1.5.1.202212101352.jar from https://ftp2.osuosl.org/pub/eclipse/releases/2025-12/202512101000/plugins/ (42.33kB)
[2026-02-06 11:30:10] Fetching org.eclipse.emf.mwe.utils_1.18.0.v20251122-0744.jar from https://mirror.cs.odu.edu/eclipse/releases/2025-12/202512101000/plugins/ (42.71kB)
[2026-02-06 11:30:11] Fetching org.eclipse.emf.mapping.ecore2xml_2.13.0.v20250910-1205.jar from https://mirror.cs.odu.edu/eclipse/releases/2025-12/202512101000/plugins/ (46.34kB)
[2026-02-06 11:30:11] Fetching org.eclipse.swt.tools.spies_3.109.700.v20250822-0904.jar from https://mirror.cs.odu.edu/eclipse/releases/2025-12/202512101000/plugins/ (47.34kB)
[2026-02-06 11:30:11] Fetching org.eclipse.wst.dtdeditor.doc.user_1.1.0.v201903222120.jar from https://download.eclipse.org/releases/2025-12/202512101000/plugins/ (45.46kB)
[2026-02-06 11:30:11] Fetching org.eclipse.xtext.java_2.41.0.v20251124-0739.jar from https://ftp2.osuosl.org/pub/eclipse/releases/2025-12/202512101000/plugins/ (51.76kB)
[2026-02-06 11:30:11] Fetching org.eclipse.tools.layout.spy_1.2.700.v20250506-0747.jar from https://mirror.cs.odu.edu/eclipse/releases/2025-12/202512101000/plugins/ (53.02kB)
[2026-02-06 11:30:12] Fetching org.eclipse.emf.mapping.ecore2ecore.editor_2.12.0.v20250910-1205.jar from https://ftp2.osuosl.org/pub/eclipse/releases/2025-12/202512101000/plugins/ (53.07kB)
[2026-02-06 11:30:12] Fetching org.eclipse.lsp4j.generator_0.24.0.v20250131-1745.jar from https://ftp2.osuosl.org/pub/eclipse/releases/2025-12/202512101000/plugins/ (54.82kB)
[2026-02-06 11:30:12] Fetching org.eclipse.xtext.xtext.ui.graph.source_2.41.0.v20251124-0739.jar from https://mirror.cs.odu.edu/eclipse/releases/2025-12/202512101000/plugins/ (54.37kB)
[2026-02-06 11:30:12] Fetching org.eclipse.wst.internet.cache_1.1.0.v202508180220.jar from https://ftp2.osuosl.org/pub/eclipse/releases/2025-12/202512101000/plugins/ (55.1kB)
[2026-02-06 11:30:12] Fetching org.eclipse.emf.databinding.edit_1.10.0.v20250910-1205.jar from https://mirror.cs.odu.edu/eclipse/releases/2025-12/202512101000/plugins/ (57.36kB)
[2026-02-06 11:30:13] Fetching org.eclipse.pde.spy.css_0.13.600.v20250513-0835.jar from https://mirror.cs.odu.edu/eclipse/releases/2025-12/202512101000/plugins/ (59.15kB)
[2026-02-06 11:30:13] Fetching org.eclipse.pde.ds.core_1.3.800.v20250506-0425.jar from https://mirror.cs.odu.edu/eclipse/releases/2025-12/202512101000/plugins/ (59.16kB)
[2026-02-06 11:30:13] Fetching org.eclipse.xtext.builder.standalone.source_2.41.0.v20251124-0739.jar from https://ftp2.osuosl.org/pub/eclipse/releases/2025-12/202512101000/plugins/ (61.29kB)
[2026-02-06 11:30:13] Fetching bndtools.api_7.1.0.202411251545.jar from https://ftp2.osuosl.org/pub/eclipse/releases/2025-12/202512101000/plugins/ (61.81kB)
[2026-02-06 11:30:13] Fetching org.eclipse.lsp4j.generator.source_0.24.0.v20250131-1745.jar from https://mirror.cs.odu.edu/eclipse/releases/2025-12/202512101000/plugins/ (59.24kB)
[2026-02-06 11:30:13] Fetching org.eclipse.pde.spy.preferences_0.13.700.v20251003-1925.jar from https://ftp2.osuosl.org/pub/eclipse/releases/2025-12/202512101000/plugins/ (61.89kB)
[2026-02-06 11:30:13] Fetching org.eclipse.pde.spy.bundle_0.13.500.v20250428-1907.jar from https://ftp2.osuosl.org/pub/eclipse/releases/2025-12/202512101000/plugins/ (64.32kB)
[2026-02-06 11:30:14] Fetching org.eclipse.platform.doc.isv_4.38.0.v20251126-1324.jar from https://mirror.cs.odu.edu/eclipse/releases/2025-12/202512101000/plugins/ (41.65MB)
[2026-02-06 11:30:14] Fetching org.eclipse.jdt.doc.isv_3.14.3000.v20251126-1324.jar from https://download.eclipse.org/releases/2025-12/202512101000/plugins/ (7.74MB)
[2026-02-06 11:30:15] Fetching org.eclipse.xtext.doc_2.41.0.v20251124-0739.jar from https://mirror.cs.odu.edu/eclipse/releases/2025-12/202512101000/plugins/ (7.34MB)
[2026-02-06 11:30:15] Fetching org.eclipse.pde.doc.user_3.17.300.v20251124-1245.jar from https://mirror.cs.odu.edu/eclipse/releases/2025-12/202512101000/plugins/ (5.97MB)
[2026-02-06 11:30:15] Fetching org.eclipse.platform.doc.isv_4.38.0.v20251126-1324.jar from https://mirror.cs.odu.edu/eclipse/releases/2025-12/202512101000/plugins/
[2026-02-06 11:30:15] Fetching org.eclipse.pde.ui_3.16.300.v20251118-2241.jar from https://mirror.cs.odu.edu/eclipse/releases/2025-12/202512101000/plugins/ (5.74MB)
[2026-02-06 11:30:15] Fetching org.eclipse.emf.doc_2.32.0.v20250922-1445.jar from https://ftp2.osuosl.org/pub/eclipse/releases/2025-12/202512101000/plugins/ (4.46MB)
[2026-02-06 11:30:15] Fetching org.eclipse.xtext_2.41.0.v20251124-0739.jar from https://ftp2.osuosl.org/pub/eclipse/releases/2025-12/202512101000/plugins/ (2.55MB)
[2026-02-06 11:30:15] Fetching org.eclipse.jdt.doc.isv_3.14.3000.v20251126-1324.jar from https://download.eclipse.org/releases/2025-12/202512101000/plugins/
[2026-02-06 11:30:16] Fetching org.eclipse.xtext.doc_2.41.0.v20251124-0739.jar from https://mirror.cs.odu.edu/eclipse/releases/2025-12/202512101000/plugins/
[2026-02-06 11:30:16] Fetching org.eclipse.pde.doc.user_3.17.300.v20251124-1245.jar from https://mirror.cs.odu.edu/eclipse/releases/2025-12/202512101000/plugins/
[2026-02-06 11:30:16] Fetching org.eclipse.xtext.xbase_2.41.0.v20251124-0739.jar from https://ftp2.osuosl.org/pub/eclipse/releases/2025-12/202512101000/plugins/ (2.53MB)
[2026-02-06 11:30:16] Fetching org.eclipse.pde.ui_3.16.300.v20251118-2241.jar from https://mirror.cs.odu.edu/eclipse/releases/2025-12/202512101000/plugins/
[2026-02-06 11:30:16] Fetching org.bndtools.templating_7.1.0.202411251545.jar from https://ftp2.osuosl.org/pub/eclipse/releases/2025-12/202512101000/plugins/ (2.48MB)
[2026-02-06 11:30:16] Fetching org.eclipse.emf.doc_2.32.0.v20250922-1445.jar from https://ftp2.osuosl.org/pub/eclipse/releases/2025-12/202512101000/plugins/
[2026-02-06 11:30:17] Fetching org.eclipse.xtext_2.41.0.v20251124-0739.jar from https://ftp2.osuosl.org/pub/eclipse/releases/2025-12/202512101000/plugins/
[2026-02-06 11:30:17] Fetching org.eclipse.xtext.xbase_2.41.0.v20251124-0739.jar from https://ftp2.osuosl.org/pub/eclipse/releases/2025-12/202512101000/plugins/
[2026-02-06 11:30:18] Fetching org.bndtools.templating_7.1.0.202411251545.jar from https://ftp2.osuosl.org/pub/eclipse/releases/2025-12/202512101000/plugins/
[2026-02-06 11:30:30] Fetching org.eclipse.xtext.ui_2.41.0.v20251124-0739.jar from https://mirror.cs.odu.edu/eclipse/releases/2025-12/202512101000/plugins/ (1.91MB)
[2026-02-06 11:30:31] Fetching org.eclipse.xtext.ui_2.41.0.v20251124-0739.jar from https://mirror.cs.odu.edu/eclipse/releases/2025-12/202512101000/plugins/
[2026-02-06 11:30:33] Fetching org.eclipse.xtext.xbase.source_2.41.0.v20251124-0739.jar from https://mirror.cs.odu.edu/eclipse/releases/2025-12/202512101000/plugins/ (1.81MB)
[2026-02-06 11:30:33] Fetching org.eclipse.pde.core_3.21.100.v20251118-2241.jar from https://mirror.cs.odu.edu/eclipse/releases/2025-12/202512101000/plugins/ (1.53MB)
[2026-02-06 11:30:33] Fetching org.eclipse.e4.tools.emf.ui_4.8.900.v20251023-0833.jar from https://mirror.cs.odu.edu/eclipse/releases/2025-12/202512101000/plugins/ (1.45MB)
[2026-02-06 11:30:34] Fetching org.eclipse.xtext.xbase.source_2.41.0.v20251124-0739.jar from https://mirror.cs.odu.edu/eclipse/releases/2025-12/202512101000/plugins/
[2026-02-06 11:30:34] Fetching org.eclipse.pde.core_3.21.100.v20251118-2241.jar from https://mirror.cs.odu.edu/eclipse/releases/2025-12/202512101000/plugins/
[2026-02-06 11:30:34] Fetching org.eclipse.e4.tools.emf.ui_4.8.900.v20251023-0833.jar from https://mirror.cs.odu.edu/eclipse/releases/2025-12/202512101000/plugins/
[2026-02-06 11:30:34] Fetching org.eclipse.xtext.source_2.41.0.v20251124-0739.jar from https://download.eclipse.org/releases/2025-12/202512101000/plugins/ (1.38MB)
[2026-02-06 11:30:35] Fetching org.eclipse.xtend.core_2.41.0.v20251124-0739.jar from https://download.eclipse.org/releases/2025-12/202512101000/plugins/ (1.35MB)
[2026-02-06 11:30:35] Fetching org.eclipse.wst.xsd.ui_1.3.700.v202503020853.jar from https://download.eclipse.org/releases/2025-12/202512101000/plugins/ (1.29MB)
[2026-02-06 11:30:35] Fetching org.eclipse.xtext.xtext.generator_2.41.0.v20251124-0739.jar from https://mirror.cs.odu.edu/eclipse/releases/2025-12/202512101000/plugins/ (1.21MB)
[2026-02-06 11:30:36] Fetching org.eclipse.xtext.source_2.41.0.v20251124-0739.jar from https://download.eclipse.org/releases/2025-12/202512101000/plugins/
[2026-02-06 11:30:36] Fetching org.eclipse.xtend.core_2.41.0.v20251124-0739.jar from https://download.eclipse.org/releases/2025-12/202512101000/plugins/
[2026-02-06 11:30:36] Fetching org.eclipse.xtend.core.source_2.41.0.v20251124-0739.jar from https://mirror.cs.odu.edu/eclipse/releases/2025-12/202512101000/plugins/ (1.21MB)
[2026-02-06 11:30:36] Fetching org.eclipse.wst.xsd.ui_1.3.700.v202503020853.jar from https://download.eclipse.org/releases/2025-12/202512101000/plugins/
[2026-02-06 11:30:36] Fetching org.eclipse.emf.codegen.ecore_2.44.0.v20251025-0946.jar from https://download.eclipse.org/releases/2025-12/202512101000/plugins/ (1.14MB)
[2026-02-06 11:30:36] Fetching org.eclipse.xtext.xtext.generator_2.41.0.v20251124-0739.jar from https://mirror.cs.odu.edu/eclipse/releases/2025-12/202512101000/plugins/
[2026-02-06 11:30:37] Fetching org.eclipse.xtend.core.source_2.41.0.v20251124-0739.jar from https://mirror.cs.odu.edu/eclipse/releases/2025-12/202512101000/plugins/
[2026-02-06 11:30:37] Fetching org.eclipse.emf.codegen.ecore_2.44.0.v20251025-0946.jar from https://download.eclipse.org/releases/2025-12/202512101000/plugins/
[2026-02-06 11:30:39] Fetching org.eclipse.gef_3.24.0.202511201732.jar from https://mirror.cs.odu.edu/eclipse/releases/2025-12/202512101000/plugins/ (1.12MB)
[2026-02-06 11:30:39] Fetching biz.aQute.repository_7.1.0.202411251545.jar from https://mirror.cs.odu.edu/eclipse/releases/2025-12/202512101000/plugins/ (1.09MB)
[2026-02-06 11:30:40] Fetching org.eclipse.gef_3.24.0.202511201732.jar from https://mirror.cs.odu.edu/eclipse/releases/2025-12/202512101000/plugins/
[2026-02-06 11:30:40] Fetching org.eclipse.wst.sse.ui_1.7.1200.v202510300114.jar from https://mirror.cs.odu.edu/eclipse/releases/2025-12/202512101000/plugins/ (1.06MB)
[2026-02-06 11:30:40] Fetching aQute.libg_7.1.0.202411251545.jar from https://mirror.cs.odu.edu/eclipse/releases/2025-12/202512101000/plugins/ (1.01MB)
[2026-02-06 11:30:40] Fetching org.eclipse.xtext.xtext.ui.examples_2.41.0.v20251124-0739.jar from https://download.eclipse.org/releases/2025-12/202512101000/plugins/ (1.05MB)
[2026-02-06 11:30:40] Fetching biz.aQute.repository_7.1.0.202411251545.jar from https://mirror.cs.odu.edu/eclipse/releases/2025-12/202512101000/plugins/
[2026-02-06 11:30:41] Fetching org.eclipse.wst.sse.ui_1.7.1200.v202510300114.jar from https://mirror.cs.odu.edu/eclipse/releases/2025-12/202512101000/plugins/
[2026-02-06 11:30:44] Fetching aQute.libg_7.1.0.202411251545.jar from https://mirror.cs.odu.edu/eclipse/releases/2025-12/202512101000/plugins/
[2026-02-06 11:30:45] Fetching org.eclipse.xtext.xtext.ui.examples_2.41.0.v20251124-0739.jar from https://download.eclipse.org/releases/2025-12/202512101000/plugins/
[2026-02-06 11:30:47] Fetching org.eclipse.xsd_2.22.0.v20251026-1727.jar from https://ftp2.osuosl.org/pub/eclipse/releases/2025-12/202512101000/plugins/ (1.01MB)
[2026-02-06 11:30:47] Fetching org.eclipse.wst.xml.ui_1.2.900.v202510300114.jar from https://download.eclipse.org/releases/2025-12/202512101000/plugins/ (1.01MB)
[2026-02-06 11:30:47] Fetching org.eclipse.xtext.ui.source_2.41.0.v20251124-0739.jar from https://mirror.cs.odu.edu/eclipse/releases/2025-12/202512101000/plugins/ (1.01MB)
[2026-02-06 11:30:47] Fetching org.eclipse.xtext.xtext.generator.source_2.41.0.v20251124-0739.jar from https://ftp2.osuosl.org/pub/eclipse/releases/2025-12/202512101000/plugins/ (934.27kB)
[2026-02-06 11:30:48] Fetching org.eclipse.xsd_2.22.0.v20251026-1727.jar from https://ftp2.osuosl.org/pub/eclipse/releases/2025-12/202512101000/plugins/
[2026-02-06 11:30:48] Fetching org.eclipse.lsp4j.source_0.24.0.v20250131-1745.jar from https://download.eclipse.org/releases/2025-12/202512101000/plugins/ (953.81kB)
[2026-02-06 11:30:48] Fetching org.eclipse.wst.xml.ui_1.2.900.v202510300114.jar from https://download.eclipse.org/releases/2025-12/202512101000/plugins/
[2026-02-06 11:30:49] Fetching org.eclipse.xtext.xtext.generator.source_2.41.0.v20251124-0739.jar from https://ftp2.osuosl.org/pub/eclipse/releases/2025-12/202512101000/plugins/
[2026-02-06 11:30:49] Fetching org.eclipse.xtext.ui.source_2.41.0.v20251124-0739.jar from https://mirror.cs.odu.edu/eclipse/releases/2025-12/202512101000/plugins/
[2026-02-06 11:30:49] Fetching org.eclipse.lsp4j.source_0.24.0.v20250131-1745.jar from https://download.eclipse.org/releases/2025-12/202512101000/plugins/
[2026-02-06 11:30:50] Fetching org.eclipse.pde.api.tools_1.3.1000.v20251108-0500.jar from https://mirror.cs.odu.edu/eclipse/releases/2025-12/202512101000/plugins/ (933.67kB)
[2026-02-06 11:30:51] Fetching org.eclipse.pde.api.tools_1.3.1000.v20251108-0500.jar from https://mirror.cs.odu.edu/eclipse/releases/2025-12/202512101000/plugins/
[2026-02-06 11:30:53] Fetching org.eclipse.emf.ecore.source_2.41.0.v20251025-0946.jar from https://ftp2.osuosl.org/pub/eclipse/releases/2025-12/202512101000/plugins/ (826.81kB)
[2026-02-06 11:30:53] Fetching org.eclipse.emf.ecore.xcore_1.35.0.v20251025-0946.jar from https://ftp2.osuosl.org/pub/eclipse/releases/2025-12/202512101000/plugins/ (800.48kB)
[2026-02-06 11:30:54] Fetching org.eclipse.emf.ecore.source_2.41.0.v20251025-0946.jar from https://ftp2.osuosl.org/pub/eclipse/releases/2025-12/202512101000/plugins/
[2026-02-06 11:30:54] Fetching com.google.inject_7.0.0.jar from https://mirror.cs.odu.edu/eclipse/releases/2025-12/202512101000/plugins/ (782.99kB)
[2026-02-06 11:30:54] Fetching org.eclipse.emf.ecore.xcore_1.35.0.v20251025-0946.jar from https://ftp2.osuosl.org/pub/eclipse/releases/2025-12/202512101000/plugins/
[2026-02-06 11:30:55] Fetching com.google.inject_7.0.0.jar from https://mirror.cs.odu.edu/eclipse/releases/2025-12/202512101000/plugins/
[2026-02-06 11:30:56] Fetching biz.aQute.resolve_7.1.0.202411251545.jar from https://download.eclipse.org/releases/2025-12/202512101000/plugins/ (669.57kB)
[2026-02-06 11:30:56] Fetching org.eclipse.draw2d_3.21.0.202512020742.jar from https://download.eclipse.org/releases/2025-12/202512101000/plugins/ (657kB)
[2026-02-06 11:30:56] Fetching org.eclipse.xtext.xbase.ide_2.41.0.v20251124-0739.jar from https://ftp2.osuosl.org/pub/eclipse/releases/2025-12/202512101000/plugins/ (637.52kB)
[2026-02-06 11:30:57] Fetching biz.aQute.resolve_7.1.0.202411251545.jar from https://download.eclipse.org/releases/2025-12/202512101000/plugins/
[2026-02-06 11:30:57] Fetching org.eclipse.draw2d_3.21.0.202512020742.jar from https://download.eclipse.org/releases/2025-12/202512101000/plugins/
[2026-02-06 11:30:57] Fetching org.eclipse.xtext.xbase.ide_2.41.0.v20251124-0739.jar from https://ftp2.osuosl.org/pub/eclipse/releases/2025-12/202512101000/plugins/
[2026-02-06 11:30:57] Fetching org.eclipse.xtend.ide_2.41.0.v20251124-0739.jar from https://download.eclipse.org/releases/2025-12/202512101000/plugins/ (625.63kB)
[2026-02-06 11:30:58] Fetching org.eclipse.xtend.ide_2.41.0.v20251124-0739.jar from https://download.eclipse.org/releases/2025-12/202512101000/plugins/
[2026-02-06 11:30:59] Fetching org.eclipse.emf.ecore.xcore.ui_1.34.0.v20250910-1339.jar from https://download.eclipse.org/releases/2025-12/202512101000/plugins/ (604.11kB)
[2026-02-06 11:30:59] Fetching org.eclipse.pde.ui.templates_3.9.200.v20251010-1528.jar from https://mirror.cs.odu.edu/eclipse/releases/2025-12/202512101000/plugins/ (600.34kB)
[2026-02-06 11:30:59] Fetching org.eclipse.pde.api.tools.ui_1.4.200.v20251030-0653.jar from https://mirror.cs.odu.edu/eclipse/releases/2025-12/202512101000/plugins/ (600.15kB)
[2026-02-06 11:31:00] Fetching io.github.classgraph.classgraph_4.8.184.jar from https://mirror.cs.odu.edu/eclipse/releases/2025-12/202512101000/plugins/ (573.21kB)
[2026-02-06 11:31:00] Fetching org.eclipse.emf.ecore.xcore.ui_1.34.0.v20250910-1339.jar from https://download.eclipse.org/releases/2025-12/202512101000/plugins/
[2026-02-06 11:31:00] Fetching org.eclipse.xtext.xbase.ui_2.41.0.v20251124-0739.jar from https://mirror.cs.odu.edu/eclipse/releases/2025-12/202512101000/plugins/ (572.17kB)
[2026-02-06 11:31:00] Fetching org.eclipse.pde.ui.templates_3.9.200.v20251010-1528.jar from https://mirror.cs.odu.edu/eclipse/releases/2025-12/202512101000/plugins/
[2026-02-06 11:31:00] Fetching org.eclipse.xtend.ide.common_2.41.0.v20251124-0739.jar from https://download.eclipse.org/releases/2025-12/202512101000/plugins/ (590.17kB)
[2026-02-06 11:31:00] Fetching org.eclipse.pde.api.tools.ui_1.4.200.v20251030-0653.jar from https://mirror.cs.odu.edu/eclipse/releases/2025-12/202512101000/plugins/
[2026-02-06 11:31:00] Fetching org.eclipse.pde.ua.ui_1.4.200.v20250901-1316.jar from https://download.eclipse.org/releases/2025-12/202512101000/plugins/ (521.68kB)
[2026-02-06 11:31:01] Fetching io.github.classgraph.classgraph_4.8.184.jar from https://mirror.cs.odu.edu/eclipse/releases/2025-12/202512101000/plugins/
[2026-02-06 11:31:01] Fetching org.eclipse.xtext.xbase.ui_2.41.0.v20251124-0739.jar from https://mirror.cs.odu.edu/eclipse/releases/2025-12/202512101000/plugins/
[2026-02-06 11:31:01] Fetching org.eclipse.xtend.ide.common_2.41.0.v20251124-0739.jar from https://download.eclipse.org/releases/2025-12/202512101000/plugins/
[2026-02-06 11:31:01] Fetching org.eclipse.pde.ua.ui_1.4.200.v20250901-1316.jar from https://download.eclipse.org/releases/2025-12/202512101000/plugins/
[2026-02-06 11:31:03] Fetching org.eclipse.pde.build_3.12.800.v20250515-0456.jar from https://download.eclipse.org/releases/2025-12/202512101000/plugins/ (510.92kB)
[2026-02-06 11:31:03] Fetching org.eclipse.xtext.common.types_2.41.0.v20251124-0739.jar from https://download.eclipse.org/releases/2025-12/202512101000/plugins/ (514.09kB)
[2026-02-06 11:31:03] Fetching org.eclipse.xtext.ide_2.41.0.v20251124-0739.jar from https://ftp2.osuosl.org/pub/eclipse/releases/2025-12/202512101000/plugins/ (503.59kB)
[2026-02-06 11:31:04] Fetching org.eclipse.xtend.doc_2.41.0.v20251124-0739.jar from https://mirror.cs.odu.edu/eclipse/releases/2025-12/202512101000/plugins/ (497.4kB)
[2026-02-06 11:31:04] Fetching org.eclipse.pde.build_3.12.800.v20250515-0456.jar from https://download.eclipse.org/releases/2025-12/202512101000/plugins/
[2026-02-06 11:31:04] Fetching org.eclipse.xtext.common.types_2.41.0.v20251124-0739.jar from https://download.eclipse.org/releases/2025-12/202512101000/plugins/
[2026-02-06 11:31:05] Fetching org.eclipse.xtext.ide_2.41.0.v20251124-0739.jar from https://ftp2.osuosl.org/pub/eclipse/releases/2025-12/202512101000/plugins/
[2026-02-06 11:31:05] Fetching org.eclipse.xtend.ide.source_2.41.0.v20251124-0739.jar from https://download.eclipse.org/releases/2025-12/202512101000/plugins/ (458.4kB)
[2026-02-06 11:31:05] Fetching org.eclipse.wst.validation_1.3.100.v202407180051.jar from https://download.eclipse.org/releases/2025-12/202512101000/plugins/ (443.81kB)
[2026-02-06 11:31:05] Fetching org.eclipse.xtend.doc_2.41.0.v20251124-0739.jar from https://mirror.cs.odu.edu/eclipse/releases/2025-12/202512101000/plugins/
[2026-02-06 11:31:05] Fetching org.eclipse.wst.common.modulecore_1.3.300.v202511200154.jar from https://mirror.cs.odu.edu/eclipse/releases/2025-12/202512101000/plugins/ (423.14kB)
[2026-02-06 11:31:06] Fetching org.eclipse.pde.bnd.ui_1.2.400.v20251104-0748.jar from https://mirror.cs.odu.edu/eclipse/releases/2025-12/202512101000/plugins/ (441.9kB)
[2026-02-06 11:31:06] Fetching org.eclipse.xtend.ide.source_2.41.0.v20251124-0739.jar from https://download.eclipse.org/releases/2025-12/202512101000/plugins/
[2026-02-06 11:31:06] Fetching org.eclipse.wst.dtd.core_1.2.600.v202308160453.jar from https://mirror.cs.odu.edu/eclipse/releases/2025-12/202512101000/plugins/ (421.16kB)
[2026-02-06 11:31:06] Fetching org.eclipse.wst.validation_1.3.100.v202407180051.jar from https://download.eclipse.org/releases/2025-12/202512101000/plugins/
[2026-02-06 11:31:07] Fetching org.eclipse.wst.common.modulecore_1.3.300.v202511200154.jar from https://mirror.cs.odu.edu/eclipse/releases/2025-12/202512101000/plugins/
[2026-02-06 11:31:07] Fetching org.eclipse.pde.bnd.ui_1.2.400.v20251104-0748.jar from https://mirror.cs.odu.edu/eclipse/releases/2025-12/202512101000/plugins/
[2026-02-06 11:31:07] Fetching org.eclipse.xtext.builder_2.41.0.v20251124-0739.jar from https://mirror.cs.odu.edu/eclipse/releases/2025-12/202512101000/plugins/ (399.9kB)
[2026-02-06 11:31:07] Fetching org.eclipse.wst.dtd.core_1.2.600.v202308160453.jar from https://mirror.cs.odu.edu/eclipse/releases/2025-12/202512101000/plugins/
[2026-02-06 11:31:07] Fetching org.eclipse.xtext.xbase.ide.source_2.41.0.v20251124-0739.jar from https://ftp2.osuosl.org/pub/eclipse/releases/2025-12/202512101000/plugins/ (389.44kB)
[2026-02-06 11:31:07] Fetching org.eclipse.emf.codegen_2.27.0.v20250910-1205.jar from https://download.eclipse.org/releases/2025-12/202512101000/plugins/ (389.97kB)
[2026-02-06 11:31:08] Fetching org.eclipse.xtext.builder_2.41.0.v20251124-0739.jar from https://mirror.cs.odu.edu/eclipse/releases/2025-12/202512101000/plugins/
[2026-02-06 11:31:08] Fetching org.eclipse.wst.common.project.facet.core_1.5.0.v202501090237.jar from https://download.eclipse.org/releases/2025-12/202512101000/plugins/ (384.61kB)
[2026-02-06 11:31:08] Fetching org.eclipse.lsp4j.debug.source_0.24.0.v20250131-1745.jar from https://mirror.cs.odu.edu/eclipse/releases/2025-12/202512101000/plugins/ (382.54kB)
[2026-02-06 11:31:08] Fetching org.eclipse.emf.codegen_2.27.0.v20250910-1205.jar from https://download.eclipse.org/releases/2025-12/202512101000/plugins/
[2026-02-06 11:31:08] Fetching org.eclipse.xtext.xbase.ide.source_2.41.0.v20251124-0739.jar from https://ftp2.osuosl.org/pub/eclipse/releases/2025-12/202512101000/plugins/
[2026-02-06 11:31:09] Fetching org.eclipse.xtext.common.types.source_2.41.0.v20251124-0739.jar from https://mirror.cs.odu.edu/eclipse/releases/2025-12/202512101000/plugins/ (364.63kB)
